07-04-2021 09:08:55 - INFO  com.capg.onlineflatrental.OnlineFlatRentalApplication : Starting OnlineFlatRentalApplication on PRANAVs_Swift with PID 15252 (D:\Softwares\S T S\Capg - SpringWorkSpace\online-flat-rental\bin\main started by prana in D:\Softwares\S T S\Capg - SpringWorkSpace\online-flat-rental)
07-04-2021 09:08:55 - INFO  com.capg.onlineflatrental.OnlineFlatRentalApplication : No active profile set, falling back to default profiles: default
07-04-2021 09:08:56 - INFO  org.springframework.data.repository.config.RepositoryConfigurationDelegate : Bootstrapping Spring Data JPA repositories in DEFAULT mode.
07-04-2021 09:08:56 - INFO  org.springframework.data.repository.config.RepositoryConfigurationDelegate : Finished Spring Data repository scanning in 38ms. Found 7 JPA repository interfaces.
07-04-2021 09:08:56 - INFO  org.springframework.boot.web.embedded.tomcat.TomcatWebServer : Tomcat initialized with port(s): 9191 (http)
07-04-2021 09:08:56 - INFO  org.apache.catalina.core.StandardService : Starting service [Tomcat]
07-04-2021 09:08:56 - INFO  org.apache.catalina.core.StandardEngine : Starting Servlet engine: [Apache Tomcat/9.0.43]
07-04-2021 09:08:56 - INFO  org.apache.catalina.core.ContainerBase.[Tomcat].[localhost].[/] : Initializing Spring embedded WebApplicationContext
07-04-2021 09:08:56 - INFO  org.springframework.boot.web.servlet.context.ServletWebServerApplicationContext : Root WebApplicationContext: initialization completed in 854 ms
07-04-2021 09:08:56 - INFO  org.hibernate.jpa.internal.util.LogHelper : HHH000204: Processing PersistenceUnitInfo [name: default]
07-04-2021 09:08:56 - INFO  org.hibernate.Version : HHH000412: Hibernate ORM core version 5.4.28.Final
07-04-2021 09:08:56 - INFO  org.hibernate.annotations.common.Version : HCANN000001: Hibernate Commons Annotations {5.1.2.Final}
07-04-2021 09:08:56 - INFO  com.zaxxer.hikari.HikariDataSource : HikariPool-1 - Starting...
07-04-2021 09:08:56 - INFO  com.zaxxer.hikari.HikariDataSource : HikariPool-1 - Start completed.
07-04-2021 09:08:56 - INFO  org.hibernate.dialect.Dialect : HHH000400: Using dialect: org.hibernate.dialect.PostgreSQL10Dialect
07-04-2021 09:08:57 - INFO  org.hibernate.engine.transaction.jta.platform.internal.JtaPlatformInitiator : HHH000490: Using JtaPlatform implementation: [org.hibernate.engine.transaction.jta.platform.internal.NoJtaPlatform]
07-04-2021 09:08:57 - INFO  org.springframework.orm.jpa.LocalContainerEntityManagerFactoryBean : Initialized JPA EntityManagerFactory for persistence unit 'default'
07-04-2021 09:08:58 - WARN  org.springframework.boot.autoconfigure.orm.jpa.JpaBaseConfiguration$JpaWebConfiguration : spring.jpa.open-in-view is enabled by default. Therefore, database queries may be performed during view rendering. Explicitly configure spring.jpa.open-in-view to disable this warning
07-04-2021 09:08:58 - INFO  springfox.documentation.spring.web.PropertySourcedRequestMappingHandlerMapping : Mapped URL path [/v2/api-docs] onto method [springfox.documentation.swagger2.web.Swagger2Controller#getDocumentation(String, HttpServletRequest)]
07-04-2021 09:08:58 - INFO  org.springframework.scheduling.concurrent.ThreadPoolTaskExecutor : Initializing ExecutorService 'applicationTaskExecutor'
07-04-2021 09:08:58 - INFO  org.springframework.boot.web.embedded.tomcat.TomcatWebServer : Tomcat started on port(s): 9191 (http) with context path ''
07-04-2021 09:08:58 - INFO  springfox.documentation.spring.web.plugins.DocumentationPluginsBootstrapper : Context refreshed
07-04-2021 09:08:58 - INFO  springfox.documentation.spring.web.plugins.DocumentationPluginsBootstrapper : Found 1 custom documentation plugin(s)
07-04-2021 09:08:58 - INFO  springfox.documentation.spring.web.scanners.ApiListingReferenceScanner : Scanning for api listing references
07-04-2021 09:08:58 - INFO  com.capg.onlineflatrental.OnlineFlatRentalApplication : Started OnlineFlatRentalApplication in 2.95 seconds (JVM running for 3.417)
07-04-2021 09:09:10 - INFO  org.apache.catalina.core.ContainerBase.[Tomcat].[localhost].[/] : Initializing Spring DispatcherServlet 'dispatcherServlet'
07-04-2021 09:09:10 - INFO  org.springframework.web.servlet.DispatcherServlet : Initializing Servlet 'dispatcherServlet'
07-04-2021 09:09:10 - INFO  org.springframework.web.servlet.DispatcherServlet : Completed initialization in 5 ms
07-04-2021 09:14:35 - INFO  com.capg.onlineflatrental.UserServiceImplTest : Starting UserServiceImplTest on PRANAVs_Swift with PID 15200 (started by prana in D:\Softwares\S T S\Capg - SpringWorkSpace\online-flat-rental)
07-04-2021 09:14:35 - INFO  com.capg.onlineflatrental.UserServiceImplTest : No active profile set, falling back to default profiles: default
07-04-2021 09:14:35 - INFO  org.springframework.data.repository.config.RepositoryConfigurationDelegate : Bootstrapping Spring Data JPA repositories in DEFAULT mode.
07-04-2021 09:14:35 - INFO  org.springframework.data.repository.config.RepositoryConfigurationDelegate : Finished Spring Data repository scanning in 62ms. Found 7 JPA repository interfaces.
07-04-2021 09:14:36 - INFO  org.hibernate.jpa.internal.util.LogHelper : HHH000204: Processing PersistenceUnitInfo [name: default]
07-04-2021 09:14:36 - INFO  org.hibernate.Version : HHH000412: Hibernate ORM core version 5.4.28.Final
07-04-2021 09:14:36 - INFO  org.hibernate.annotations.common.Version : HCANN000001: Hibernate Commons Annotations {5.1.2.Final}
07-04-2021 09:14:36 - INFO  com.zaxxer.hikari.HikariDataSource : HikariPool-1 - Starting...
07-04-2021 09:14:36 - INFO  com.zaxxer.hikari.HikariDataSource : HikariPool-1 - Start completed.
07-04-2021 09:14:36 - INFO  org.hibernate.dialect.Dialect : HHH000400: Using dialect: org.hibernate.dialect.PostgreSQL10Dialect
07-04-2021 09:14:37 - INFO  org.hibernate.engine.transaction.jta.platform.internal.JtaPlatformInitiator : HHH000490: Using JtaPlatform implementation: [org.hibernate.engine.transaction.jta.platform.internal.NoJtaPlatform]
07-04-2021 09:14:37 - INFO  org.springframework.orm.jpa.LocalContainerEntityManagerFactoryBean : Initialized JPA EntityManagerFactory for persistence unit 'default'
07-04-2021 09:14:38 - WARN  org.springframework.boot.autoconfigure.orm.jpa.JpaBaseConfiguration$JpaWebConfiguration : spring.jpa.open-in-view is enabled by default. Therefore, database queries may be performed during view rendering. Explicitly configure spring.jpa.open-in-view to disable this warning
07-04-2021 09:14:38 - INFO  springfox.documentation.spring.web.PropertySourcedRequestMappingHandlerMapping : Mapped URL path [/v2/api-docs] onto method [springfox.documentation.swagger2.web.Swagger2Controller#getDocumentation(String, HttpServletRequest)]
07-04-2021 09:14:38 - INFO  org.springframework.scheduling.concurrent.ThreadPoolTaskExecutor : Initializing ExecutorService 'applicationTaskExecutor'
07-04-2021 09:14:38 - INFO  springfox.documentation.spring.web.plugins.DocumentationPluginsBootstrapper : Context refreshed
07-04-2021 09:14:38 - INFO  springfox.documentation.spring.web.plugins.DocumentationPluginsBootstrapper : Found 1 custom documentation plugin(s)
07-04-2021 09:14:38 - INFO  springfox.documentation.spring.web.scanners.ApiListingReferenceScanner : Scanning for api listing references
07-04-2021 09:14:38 - INFO  com.capg.onlineflatrental.UserServiceImplTest : Started UserServiceImplTest in 3.794 seconds (JVM running for 4.494)
07-04-2021 09:14:39 - INFO  org.springframework.scheduling.concurrent.ThreadPoolTaskExecutor : Shutting down ExecutorService 'applicationTaskExecutor'
07-04-2021 09:14:39 - INFO  org.springframework.orm.jpa.LocalContainerEntityManagerFactoryBean : Closing JPA EntityManagerFactory for persistence unit 'default'
07-04-2021 09:14:39 - INFO  com.zaxxer.hikari.HikariDataSource : HikariPool-1 - Shutdown initiated...
07-04-2021 09:14:39 - INFO  com.zaxxer.hikari.HikariDataSource : HikariPool-1 - Shutdown completed.
07-04-2021 09:21:56 - INFO  com.capg.onlineflatrental.UserServiceImplTest : Starting UserServiceImplTest on PRANAVs_Swift with PID 5476 (started by prana in D:\Softwares\S T S\Capg - SpringWorkSpace\online-flat-rental)
07-04-2021 09:21:56 - INFO  com.capg.onlineflatrental.UserServiceImplTest : No active profile set, falling back to default profiles: default
07-04-2021 09:21:57 - INFO  org.springframework.data.repository.config.RepositoryConfigurationDelegate : Bootstrapping Spring Data JPA repositories in DEFAULT mode.
07-04-2021 09:21:57 - INFO  org.springframework.data.repository.config.RepositoryConfigurationDelegate : Finished Spring Data repository scanning in 54ms. Found 7 JPA repository interfaces.
07-04-2021 09:21:57 - INFO  org.hibernate.jpa.internal.util.LogHelper : HHH000204: Processing PersistenceUnitInfo [name: default]
07-04-2021 09:21:57 - INFO  org.hibernate.Version : HHH000412: Hibernate ORM core version 5.4.28.Final
07-04-2021 09:21:57 - INFO  org.hibernate.annotations.common.Version : HCANN000001: Hibernate Commons Annotations {5.1.2.Final}
07-04-2021 09:21:57 - INFO  com.zaxxer.hikari.HikariDataSource : HikariPool-1 - Starting...
07-04-2021 09:21:58 - INFO  com.zaxxer.hikari.HikariDataSource : HikariPool-1 - Start completed.
07-04-2021 09:21:58 - INFO  org.hibernate.dialect.Dialect : HHH000400: Using dialect: org.hibernate.dialect.PostgreSQL10Dialect
07-04-2021 09:21:58 - INFO  org.hibernate.engine.transaction.jta.platform.internal.JtaPlatformInitiator : HHH000490: Using JtaPlatform implementation: [org.hibernate.engine.transaction.jta.platform.internal.NoJtaPlatform]
07-04-2021 09:21:58 - INFO  org.springframework.orm.jpa.LocalContainerEntityManagerFactoryBean : Initialized JPA EntityManagerFactory for persistence unit 'default'
07-04-2021 09:21:59 - WARN  org.springframework.boot.autoconfigure.orm.jpa.JpaBaseConfiguration$JpaWebConfiguration : spring.jpa.open-in-view is enabled by default. Therefore, database queries may be performed during view rendering. Explicitly configure spring.jpa.open-in-view to disable this warning
07-04-2021 09:21:59 - INFO  springfox.documentation.spring.web.PropertySourcedRequestMappingHandlerMapping : Mapped URL path [/v2/api-docs] onto method [springfox.documentation.swagger2.web.Swagger2Controller#getDocumentation(String, HttpServletRequest)]
07-04-2021 09:21:59 - INFO  org.springframework.scheduling.concurrent.ThreadPoolTaskExecutor : Initializing ExecutorService 'applicationTaskExecutor'
07-04-2021 09:22:00 - INFO  springfox.documentation.spring.web.plugins.DocumentationPluginsBootstrapper : Context refreshed
07-04-2021 09:22:00 - INFO  springfox.documentation.spring.web.plugins.DocumentationPluginsBootstrapper : Found 1 custom documentation plugin(s)
07-04-2021 09:22:00 - INFO  springfox.documentation.spring.web.scanners.ApiListingReferenceScanner : Scanning for api listing references
07-04-2021 09:22:00 - INFO  com.capg.onlineflatrental.UserServiceImplTest : Started UserServiceImplTest in 3.82 seconds (JVM running for 4.551)
07-04-2021 09:22:00 - INFO  org.springframework.scheduling.concurrent.ThreadPoolTaskExecutor : Shutting down ExecutorService 'applicationTaskExecutor'
07-04-2021 09:22:00 - INFO  org.springframework.orm.jpa.LocalContainerEntityManagerFactoryBean : Closing JPA EntityManagerFactory for persistence unit 'default'
07-04-2021 09:22:00 - INFO  com.zaxxer.hikari.HikariDataSource : HikariPool-1 - Shutdown initiated...
07-04-2021 09:22:00 - INFO  com.zaxxer.hikari.HikariDataSource : HikariPool-1 - Shutdown completed.
07-04-2021 09:22:22 - INFO  com.capg.onlineflatrental.UserServiceImplTest : Starting UserServiceImplTest on PRANAVs_Swift with PID 13576 (started by prana in D:\Softwares\S T S\Capg - SpringWorkSpace\online-flat-rental)
07-04-2021 09:22:22 - INFO  com.capg.onlineflatrental.UserServiceImplTest : No active profile set, falling back to default profiles: default
07-04-2021 09:22:22 - INFO  org.springframework.data.repository.config.RepositoryConfigurationDelegate : Bootstrapping Spring Data JPA repositories in DEFAULT mode.
07-04-2021 09:22:22 - INFO  org.springframework.data.repository.config.RepositoryConfigurationDelegate : Finished Spring Data repository scanning in 58ms. Found 7 JPA repository interfaces.
07-04-2021 09:22:23 - INFO  org.hibernate.jpa.internal.util.LogHelper : HHH000204: Processing PersistenceUnitInfo [name: default]
07-04-2021 09:22:23 - INFO  org.hibernate.Version : HHH000412: Hibernate ORM core version 5.4.28.Final
07-04-2021 09:22:23 - INFO  org.hibernate.annotations.common.Version : HCANN000001: Hibernate Commons Annotations {5.1.2.Final}
07-04-2021 09:22:23 - INFO  com.zaxxer.hikari.HikariDataSource : HikariPool-1 - Starting...
07-04-2021 09:22:23 - INFO  com.zaxxer.hikari.HikariDataSource : HikariPool-1 - Start completed.
07-04-2021 09:22:23 - INFO  org.hibernate.dialect.Dialect : HHH000400: Using dialect: org.hibernate.dialect.PostgreSQL10Dialect
07-04-2021 09:22:24 - INFO  org.hibernate.engine.transaction.jta.platform.internal.JtaPlatformInitiator : HHH000490: Using JtaPlatform implementation: [org.hibernate.engine.transaction.jta.platform.internal.NoJtaPlatform]
07-04-2021 09:22:24 - INFO  org.springframework.orm.jpa.LocalContainerEntityManagerFactoryBean : Initialized JPA EntityManagerFactory for persistence unit 'default'
07-04-2021 09:22:24 - WARN  org.springframework.boot.autoconfigure.orm.jpa.JpaBaseConfiguration$JpaWebConfiguration : spring.jpa.open-in-view is enabled by default. Therefore, database queries may be performed during view rendering. Explicitly configure spring.jpa.open-in-view to disable this warning
07-04-2021 09:22:25 - INFO  springfox.documentation.spring.web.PropertySourcedRequestMappingHandlerMapping : Mapped URL path [/v2/api-docs] onto method [springfox.documentation.swagger2.web.Swagger2Controller#getDocumentation(String, HttpServletRequest)]
07-04-2021 09:22:25 - INFO  org.springframework.scheduling.concurrent.ThreadPoolTaskExecutor : Initializing ExecutorService 'applicationTaskExecutor'
07-04-2021 09:22:25 - INFO  springfox.documentation.spring.web.plugins.DocumentationPluginsBootstrapper : Context refreshed
07-04-2021 09:22:25 - INFO  springfox.documentation.spring.web.plugins.DocumentationPluginsBootstrapper : Found 1 custom documentation plugin(s)
07-04-2021 09:22:25 - INFO  springfox.documentation.spring.web.scanners.ApiListingReferenceScanner : Scanning for api listing references
07-04-2021 09:22:25 - INFO  com.capg.onlineflatrental.UserServiceImplTest : Started UserServiceImplTest in 3.917 seconds (JVM running for 4.655)
07-04-2021 09:22:25 - INFO  org.springframework.scheduling.concurrent.ThreadPoolTaskExecutor : Shutting down ExecutorService 'applicationTaskExecutor'
07-04-2021 09:22:25 - INFO  org.springframework.orm.jpa.LocalContainerEntityManagerFactoryBean : Closing JPA EntityManagerFactory for persistence unit 'default'
07-04-2021 09:22:25 - INFO  com.zaxxer.hikari.HikariDataSource : HikariPool-1 - Shutdown initiated...
07-04-2021 09:22:25 - INFO  com.zaxxer.hikari.HikariDataSource : HikariPool-1 - Shutdown completed.
07-04-2021 09:24:18 - INFO  com.capg.onlineflatrental.OnlineFlatRentalApplication : Starting OnlineFlatRentalApplication on PRANAVs_Swift with PID 4676 (D:\Softwares\S T S\Capg - SpringWorkSpace\online-flat-rental\bin\main started by prana in D:\Softwares\S T S\Capg - SpringWorkSpace\online-flat-rental)
07-04-2021 09:24:18 - INFO  com.capg.onlineflatrental.OnlineFlatRentalApplication : No active profile set, falling back to default profiles: default
07-04-2021 09:24:18 - INFO  org.springframework.data.repository.config.RepositoryConfigurationDelegate : Bootstrapping Spring Data JPA repositories in DEFAULT mode.
07-04-2021 09:24:18 - INFO  org.springframework.data.repository.config.RepositoryConfigurationDelegate : Finished Spring Data repository scanning in 39ms. Found 7 JPA repository interfaces.
07-04-2021 09:24:19 - INFO  org.springframework.boot.web.embedded.tomcat.TomcatWebServer : Tomcat initialized with port(s): 9191 (http)
07-04-2021 09:24:19 - INFO  org.apache.catalina.core.StandardService : Starting service [Tomcat]
07-04-2021 09:24:19 - INFO  org.apache.catalina.core.StandardEngine : Starting Servlet engine: [Apache Tomcat/9.0.43]
07-04-2021 09:24:19 - INFO  org.apache.catalina.core.ContainerBase.[Tomcat].[localhost].[/] : Initializing Spring embedded WebApplicationContext
07-04-2021 09:24:19 - INFO  org.springframework.boot.web.servlet.context.ServletWebServerApplicationContext : Root WebApplicationContext: initialization completed in 811 ms
07-04-2021 09:24:19 - INFO  org.hibernate.jpa.internal.util.LogHelper : HHH000204: Processing PersistenceUnitInfo [name: default]
07-04-2021 09:24:19 - INFO  org.hibernate.Version : HHH000412: Hibernate ORM core version 5.4.28.Final
07-04-2021 09:24:19 - INFO  org.hibernate.annotations.common.Version : HCANN000001: Hibernate Commons Annotations {5.1.2.Final}
07-04-2021 09:24:19 - INFO  com.zaxxer.hikari.HikariDataSource : HikariPool-1 - Starting...
07-04-2021 09:24:19 - INFO  com.zaxxer.hikari.HikariDataSource : HikariPool-1 - Start completed.
07-04-2021 09:24:19 - INFO  org.hibernate.dialect.Dialect : HHH000400: Using dialect: org.hibernate.dialect.PostgreSQL10Dialect
07-04-2021 09:24:20 - INFO  org.hibernate.engine.transaction.jta.platform.internal.JtaPlatformInitiator : HHH000490: Using JtaPlatform implementation: [org.hibernate.engine.transaction.jta.platform.internal.NoJtaPlatform]
07-04-2021 09:24:20 - INFO  org.springframework.orm.jpa.LocalContainerEntityManagerFactoryBean : Initialized JPA EntityManagerFactory for persistence unit 'default'
07-04-2021 09:24:20 - WARN  org.springframework.boot.autoconfigure.orm.jpa.JpaBaseConfiguration$JpaWebConfiguration : spring.jpa.open-in-view is enabled by default. Therefore, database queries may be performed during view rendering. Explicitly configure spring.jpa.open-in-view to disable this warning
07-04-2021 09:24:20 - INFO  springfox.documentation.spring.web.PropertySourcedRequestMappingHandlerMapping : Mapped URL path [/v2/api-docs] onto method [springfox.documentation.swagger2.web.Swagger2Controller#getDocumentation(String, HttpServletRequest)]
07-04-2021 09:24:20 - INFO  org.springframework.scheduling.concurrent.ThreadPoolTaskExecutor : Initializing ExecutorService 'applicationTaskExecutor'
07-04-2021 09:24:20 - WARN  org.springframework.boot.web.servlet.context.AnnotationConfigServletWebServerApplicationContext : Exception encountered during context initialization - cancelling refresh attempt: org.springframework.context.ApplicationContextException: Failed to start bean 'webServerStartStop'; nested exception is org.springframework.boot.web.server.PortInUseException: Port 9191 is already in use
07-04-2021 09:24:20 - INFO  org.springframework.scheduling.concurrent.ThreadPoolTaskExecutor : Shutting down ExecutorService 'applicationTaskExecutor'
07-04-2021 09:24:20 - INFO  org.springframework.orm.jpa.LocalContainerEntityManagerFactoryBean : Closing JPA EntityManagerFactory for persistence unit 'default'
07-04-2021 09:24:20 - INFO  com.zaxxer.hikari.HikariDataSource : HikariPool-1 - Shutdown initiated...
07-04-2021 09:24:20 - INFO  com.zaxxer.hikari.HikariDataSource : HikariPool-1 - Shutdown completed.
07-04-2021 09:24:20 - INFO  org.apache.catalina.core.StandardService : Stopping service [Tomcat]
07-04-2021 09:24:20 - INFO  org.springframework.boot.autoconfigure.logging.ConditionEvaluationReportLoggingListener : 

Error starting ApplicationContext. To display the conditions report re-run your application with 'debug' enabled.
07-04-2021 09:24:20 - ERROR org.springframework.boot.diagnostics.LoggingFailureAnalysisReporter : 

***************************
APPLICATION FAILED TO START
***************************

Description:

Web server failed to start. Port 9191 was already in use.

Action:

Identify and stop the process that's listening on port 9191 or configure this application to listen on another port.

07-04-2021 09:24:29 - INFO  org.springframework.boot.admin.SpringApplicationAdminMXBeanRegistrar$SpringApplicationAdmin : Application shutdown requested.
07-04-2021 09:24:29 - INFO  org.springframework.scheduling.concurrent.ThreadPoolTaskExecutor : Shutting down ExecutorService 'applicationTaskExecutor'
07-04-2021 09:24:29 - INFO  org.springframework.orm.jpa.LocalContainerEntityManagerFactoryBean : Closing JPA EntityManagerFactory for persistence unit 'default'
07-04-2021 09:24:29 - INFO  com.zaxxer.hikari.HikariDataSource : HikariPool-1 - Shutdown initiated...
07-04-2021 09:24:29 - INFO  com.zaxxer.hikari.HikariDataSource : HikariPool-1 - Shutdown completed.
07-04-2021 09:24:36 - INFO  com.capg.onlineflatrental.OnlineFlatRentalApplication : Starting OnlineFlatRentalApplication on PRANAVs_Swift with PID 2484 (D:\Softwares\S T S\Capg - SpringWorkSpace\online-flat-rental\bin\main started by prana in D:\Softwares\S T S\Capg - SpringWorkSpace\online-flat-rental)
07-04-2021 09:24:36 - INFO  com.capg.onlineflatrental.OnlineFlatRentalApplication : No active profile set, falling back to default profiles: default
07-04-2021 09:24:36 - INFO  org.springframework.data.repository.config.RepositoryConfigurationDelegate : Bootstrapping Spring Data JPA repositories in DEFAULT mode.
07-04-2021 09:24:36 - INFO  org.springframework.data.repository.config.RepositoryConfigurationDelegate : Finished Spring Data repository scanning in 36ms. Found 7 JPA repository interfaces.
07-04-2021 09:24:37 - INFO  org.springframework.boot.web.embedded.tomcat.TomcatWebServer : Tomcat initialized with port(s): 9191 (http)
07-04-2021 09:24:37 - INFO  org.apache.catalina.core.StandardService : Starting service [Tomcat]
07-04-2021 09:24:37 - INFO  org.apache.catalina.core.StandardEngine : Starting Servlet engine: [Apache Tomcat/9.0.43]
07-04-2021 09:24:37 - INFO  org.apache.catalina.core.ContainerBase.[Tomcat].[localhost].[/] : Initializing Spring embedded WebApplicationContext
07-04-2021 09:24:37 - INFO  org.springframework.boot.web.servlet.context.ServletWebServerApplicationContext : Root WebApplicationContext: initialization completed in 812 ms
07-04-2021 09:24:37 - INFO  org.hibernate.jpa.internal.util.LogHelper : HHH000204: Processing PersistenceUnitInfo [name: default]
07-04-2021 09:24:37 - INFO  org.hibernate.Version : HHH000412: Hibernate ORM core version 5.4.28.Final
07-04-2021 09:24:37 - INFO  org.hibernate.annotations.common.Version : HCANN000001: Hibernate Commons Annotations {5.1.2.Final}
07-04-2021 09:24:37 - INFO  com.zaxxer.hikari.HikariDataSource : HikariPool-1 - Starting...
07-04-2021 09:24:37 - INFO  com.zaxxer.hikari.HikariDataSource : HikariPool-1 - Start completed.
07-04-2021 09:24:37 - INFO  org.hibernate.dialect.Dialect : HHH000400: Using dialect: org.hibernate.dialect.PostgreSQL10Dialect
07-04-2021 09:24:38 - INFO  org.hibernate.engine.transaction.jta.platform.internal.JtaPlatformInitiator : HHH000490: Using JtaPlatform implementation: [org.hibernate.engine.transaction.jta.platform.internal.NoJtaPlatform]
07-04-2021 09:24:38 - INFO  org.springframework.orm.jpa.LocalContainerEntityManagerFactoryBean : Initialized JPA EntityManagerFactory for persistence unit 'default'
07-04-2021 09:24:38 - WARN  org.springframework.boot.autoconfigure.orm.jpa.JpaBaseConfiguration$JpaWebConfiguration : spring.jpa.open-in-view is enabled by default. Therefore, database queries may be performed during view rendering. Explicitly configure spring.jpa.open-in-view to disable this warning
07-04-2021 09:24:38 - INFO  springfox.documentation.spring.web.PropertySourcedRequestMappingHandlerMapping : Mapped URL path [/v2/api-docs] onto method [springfox.documentation.swagger2.web.Swagger2Controller#getDocumentation(String, HttpServletRequest)]
07-04-2021 09:24:38 - INFO  org.springframework.scheduling.concurrent.ThreadPoolTaskExecutor : Initializing ExecutorService 'applicationTaskExecutor'
07-04-2021 09:24:38 - INFO  org.springframework.boot.web.embedded.tomcat.TomcatWebServer : Tomcat started on port(s): 9191 (http) with context path ''
07-04-2021 09:24:38 - INFO  springfox.documentation.spring.web.plugins.DocumentationPluginsBootstrapper : Context refreshed
07-04-2021 09:24:38 - INFO  springfox.documentation.spring.web.plugins.DocumentationPluginsBootstrapper : Found 1 custom documentation plugin(s)
07-04-2021 09:24:38 - INFO  springfox.documentation.spring.web.scanners.ApiListingReferenceScanner : Scanning for api listing references
07-04-2021 09:24:38 - INFO  com.capg.onlineflatrental.OnlineFlatRentalApplication : Started OnlineFlatRentalApplication in 2.827 seconds (JVM running for 3.243)
07-04-2021 09:25:40 - INFO  org.apache.catalina.core.ContainerBase.[Tomcat].[localhost].[/] : Initializing Spring DispatcherServlet 'dispatcherServlet'
07-04-2021 09:25:40 - INFO  org.springframework.web.servlet.DispatcherServlet : Initializing Servlet 'dispatcherServlet'
07-04-2021 09:25:40 - INFO  org.springframework.web.servlet.DispatcherServlet : Completed initialization in 4 ms
07-04-2021 09:50:44 - INFO  org.springframework.boot.admin.SpringApplicationAdminMXBeanRegistrar$SpringApplicationAdmin : Application shutdown requested.
07-04-2021 09:50:44 - INFO  org.springframework.scheduling.concurrent.ThreadPoolTaskExecutor : Shutting down ExecutorService 'applicationTaskExecutor'
07-04-2021 09:50:44 - INFO  org.springframework.orm.jpa.LocalContainerEntityManagerFactoryBean : Closing JPA EntityManagerFactory for persistence unit 'default'
07-04-2021 09:50:44 - INFO  com.zaxxer.hikari.HikariDataSource : HikariPool-1 - Shutdown initiated...
07-04-2021 09:50:44 - INFO  com.zaxxer.hikari.HikariDataSource : HikariPool-1 - Shutdown completed.
07-04-2021 09:50:47 - INFO  com.capg.onlineflatrental.OnlineFlatRentalApplication : Starting OnlineFlatRentalApplication on PRANAVs_Swift with PID 14344 (D:\Softwares\S T S\Capg - SpringWorkSpace\online-flat-rental\bin\main started by prana in D:\Softwares\S T S\Capg - SpringWorkSpace\online-flat-rental)
07-04-2021 09:50:47 - INFO  com.capg.onlineflatrental.OnlineFlatRentalApplication : No active profile set, falling back to default profiles: default
07-04-2021 09:50:48 - INFO  org.springframework.data.repository.config.RepositoryConfigurationDelegate : Bootstrapping Spring Data JPA repositories in DEFAULT mode.
07-04-2021 09:50:48 - INFO  org.springframework.data.repository.config.RepositoryConfigurationDelegate : Finished Spring Data repository scanning in 39ms. Found 7 JPA repository interfaces.
07-04-2021 09:50:48 - INFO  org.springframework.boot.web.embedded.tomcat.TomcatWebServer : Tomcat initialized with port(s): 9191 (http)
07-04-2021 09:50:48 - INFO  org.apache.catalina.core.StandardService : Starting service [Tomcat]
07-04-2021 09:50:48 - INFO  org.apache.catalina.core.StandardEngine : Starting Servlet engine: [Apache Tomcat/9.0.43]
07-04-2021 09:50:48 - INFO  org.apache.catalina.core.ContainerBase.[Tomcat].[localhost].[/] : Initializing Spring embedded WebApplicationContext
07-04-2021 09:50:48 - INFO  org.springframework.boot.web.servlet.context.ServletWebServerApplicationContext : Root WebApplicationContext: initialization completed in 907 ms
07-04-2021 09:50:48 - INFO  org.hibernate.jpa.internal.util.LogHelper : HHH000204: Processing PersistenceUnitInfo [name: default]
07-04-2021 09:50:49 - INFO  org.hibernate.Version : HHH000412: Hibernate ORM core version 5.4.28.Final
07-04-2021 09:50:49 - INFO  org.hibernate.annotations.common.Version : HCANN000001: Hibernate Commons Annotations {5.1.2.Final}
07-04-2021 09:50:49 - INFO  com.zaxxer.hikari.HikariDataSource : HikariPool-1 - Starting...
07-04-2021 09:50:49 - INFO  com.zaxxer.hikari.HikariDataSource : HikariPool-1 - Start completed.
07-04-2021 09:50:49 - INFO  org.hibernate.dialect.Dialect : HHH000400: Using dialect: org.hibernate.dialect.PostgreSQL10Dialect
07-04-2021 09:50:49 - INFO  org.hibernate.engine.transaction.jta.platform.internal.JtaPlatformInitiator : HHH000490: Using JtaPlatform implementation: [org.hibernate.engine.transaction.jta.platform.internal.NoJtaPlatform]
07-04-2021 09:50:49 - INFO  org.springframework.orm.jpa.LocalContainerEntityManagerFactoryBean : Initialized JPA EntityManagerFactory for persistence unit 'default'
07-04-2021 09:50:50 - WARN  org.springframework.boot.autoconfigure.orm.jpa.JpaBaseConfiguration$JpaWebConfiguration : spring.jpa.open-in-view is enabled by default. Therefore, database queries may be performed during view rendering. Explicitly configure spring.jpa.open-in-view to disable this warning
07-04-2021 09:50:50 - INFO  springfox.documentation.spring.web.PropertySourcedRequestMappingHandlerMapping : Mapped URL path [/v2/api-docs] onto method [springfox.documentation.swagger2.web.Swagger2Controller#getDocumentation(String, HttpServletRequest)]
07-04-2021 09:50:50 - INFO  org.springframework.scheduling.concurrent.ThreadPoolTaskExecutor : Initializing ExecutorService 'applicationTaskExecutor'
07-04-2021 09:50:50 - INFO  org.springframework.boot.web.embedded.tomcat.TomcatWebServer : Tomcat started on port(s): 9191 (http) with context path ''
07-04-2021 09:50:50 - INFO  springfox.documentation.spring.web.plugins.DocumentationPluginsBootstrapper : Context refreshed
07-04-2021 09:50:50 - INFO  springfox.documentation.spring.web.plugins.DocumentationPluginsBootstrapper : Found 1 custom documentation plugin(s)
07-04-2021 09:50:50 - INFO  springfox.documentation.spring.web.scanners.ApiListingReferenceScanner : Scanning for api listing references
07-04-2021 09:50:50 - INFO  com.capg.onlineflatrental.OnlineFlatRentalApplication : Started OnlineFlatRentalApplication in 3.266 seconds (JVM running for 3.714)
07-04-2021 09:50:54 - INFO  org.apache.catalina.core.ContainerBase.[Tomcat].[localhost].[/] : Initializing Spring DispatcherServlet 'dispatcherServlet'
07-04-2021 09:50:54 - INFO  org.springframework.web.servlet.DispatcherServlet : Initializing Servlet 'dispatcherServlet'
07-04-2021 09:50:54 - INFO  org.springframework.web.servlet.DispatcherServlet : Completed initialization in 4 ms
07-04-2021 09:51:29 - WARN  org.springframework.web.servlet.mvc.support.DefaultHandlerExceptionResolver : Resolved [org.springframework.http.converter.HttpMessageNotReadableException: JSON parse error: Unexpected character ('}' (code 125)): was expecting double-quote to start field name; nested exception is com.fasterxml.jackson.databind.JsonMappingException: Unexpected character ('}' (code 125)): was expecting double-quote to start field name
 at [Source: (PushbackInputStream); line: 14, column: 6] (through reference chain: com.capg.onlineflatrental.entities.Landlord["flatList"]->java.util.ArrayList[0])]
07-04-2021 09:55:01 - INFO  org.springframework.boot.admin.SpringApplicationAdminMXBeanRegistrar$SpringApplicationAdmin : Application shutdown requested.
07-04-2021 09:55:01 - INFO  org.springframework.scheduling.concurrent.ThreadPoolTaskExecutor : Shutting down ExecutorService 'applicationTaskExecutor'
07-04-2021 09:55:01 - INFO  org.springframework.orm.jpa.LocalContainerEntityManagerFactoryBean : Closing JPA EntityManagerFactory for persistence unit 'default'
07-04-2021 09:55:01 - INFO  com.zaxxer.hikari.HikariDataSource : HikariPool-1 - Shutdown initiated...
07-04-2021 09:55:01 - INFO  com.zaxxer.hikari.HikariDataSource : HikariPool-1 - Shutdown completed.
07-04-2021 09:55:05 - INFO  com.capg.onlineflatrental.OnlineFlatRentalApplication : Starting OnlineFlatRentalApplication on PRANAVs_Swift with PID 13700 (D:\Softwares\S T S\Capg - SpringWorkSpace\online-flat-rental\bin\main started by prana in D:\Softwares\S T S\Capg - SpringWorkSpace\online-flat-rental)
07-04-2021 09:55:05 - INFO  com.capg.onlineflatrental.OnlineFlatRentalApplication : No active profile set, falling back to default profiles: default
07-04-2021 09:55:05 - INFO  org.springframework.data.repository.config.RepositoryConfigurationDelegate : Bootstrapping Spring Data JPA repositories in DEFAULT mode.
07-04-2021 09:55:06 - INFO  org.springframework.data.repository.config.RepositoryConfigurationDelegate : Finished Spring Data repository scanning in 41ms. Found 7 JPA repository interfaces.
07-04-2021 09:55:06 - INFO  org.springframework.boot.web.embedded.tomcat.TomcatWebServer : Tomcat initialized with port(s): 9191 (http)
07-04-2021 09:55:06 - INFO  org.apache.catalina.core.StandardService : Starting service [Tomcat]
07-04-2021 09:55:06 - INFO  org.apache.catalina.core.StandardEngine : Starting Servlet engine: [Apache Tomcat/9.0.43]
07-04-2021 09:55:06 - INFO  org.apache.catalina.core.ContainerBase.[Tomcat].[localhost].[/] : Initializing Spring embedded WebApplicationContext
07-04-2021 09:55:06 - INFO  org.springframework.boot.web.servlet.context.ServletWebServerApplicationContext : Root WebApplicationContext: initialization completed in 895 ms
07-04-2021 09:55:06 - INFO  org.hibernate.jpa.internal.util.LogHelper : HHH000204: Processing PersistenceUnitInfo [name: default]
07-04-2021 09:55:06 - INFO  org.hibernate.Version : HHH000412: Hibernate ORM core version 5.4.28.Final
07-04-2021 09:55:06 - INFO  org.hibernate.annotations.common.Version : HCANN000001: Hibernate Commons Annotations {5.1.2.Final}
07-04-2021 09:55:06 - INFO  com.zaxxer.hikari.HikariDataSource : HikariPool-1 - Starting...
07-04-2021 09:55:06 - INFO  com.zaxxer.hikari.HikariDataSource : HikariPool-1 - Start completed.
07-04-2021 09:55:06 - INFO  org.hibernate.dialect.Dialect : HHH000400: Using dialect: org.hibernate.dialect.PostgreSQL10Dialect
07-04-2021 09:55:07 - INFO  org.hibernate.engine.transaction.jta.platform.internal.JtaPlatformInitiator : HHH000490: Using JtaPlatform implementation: [org.hibernate.engine.transaction.jta.platform.internal.NoJtaPlatform]
07-04-2021 09:55:07 - INFO  org.springframework.orm.jpa.LocalContainerEntityManagerFactoryBean : Initialized JPA EntityManagerFactory for persistence unit 'default'
07-04-2021 09:55:07 - WARN  org.springframework.boot.autoconfigure.orm.jpa.JpaBaseConfiguration$JpaWebConfiguration : spring.jpa.open-in-view is enabled by default. Therefore, database queries may be performed during view rendering. Explicitly configure spring.jpa.open-in-view to disable this warning
07-04-2021 09:55:07 - INFO  springfox.documentation.spring.web.PropertySourcedRequestMappingHandlerMapping : Mapped URL path [/v2/api-docs] onto method [springfox.documentation.swagger2.web.Swagger2Controller#getDocumentation(String, HttpServletRequest)]
07-04-2021 09:55:08 - INFO  org.springframework.scheduling.concurrent.ThreadPoolTaskExecutor : Initializing ExecutorService 'applicationTaskExecutor'
07-04-2021 09:55:08 - INFO  org.springframework.boot.web.embedded.tomcat.TomcatWebServer : Tomcat started on port(s): 9191 (http) with context path ''
07-04-2021 09:55:08 - INFO  springfox.documentation.spring.web.plugins.DocumentationPluginsBootstrapper : Context refreshed
07-04-2021 09:55:08 - INFO  springfox.documentation.spring.web.plugins.DocumentationPluginsBootstrapper : Found 1 custom documentation plugin(s)
07-04-2021 09:55:08 - INFO  springfox.documentation.spring.web.scanners.ApiListingReferenceScanner : Scanning for api listing references
07-04-2021 09:55:08 - INFO  com.capg.onlineflatrental.OnlineFlatRentalApplication : Started OnlineFlatRentalApplication in 3.107 seconds (JVM running for 3.594)
07-04-2021 09:55:14 - INFO  org.apache.catalina.core.ContainerBase.[Tomcat].[localhost].[/] : Initializing Spring DispatcherServlet 'dispatcherServlet'
07-04-2021 09:55:14 - INFO  org.springframework.web.servlet.DispatcherServlet : Initializing Servlet 'dispatcherServlet'
07-04-2021 09:55:14 - INFO  org.springframework.web.servlet.DispatcherServlet : Completed initialization in 7 ms
07-04-2021 09:56:07 - WARN  org.springframework.web.servlet.mvc.support.DefaultHandlerExceptionResolver : Resolved [org.springframework.http.converter.HttpMessageNotReadableException: JSON parse error: Cannot deserialize value of type `int` from String "as": not a valid Integer value; nested exception is com.fasterxml.jackson.databind.exc.InvalidFormatException: Cannot deserialize value of type `int` from String "as": not a valid Integer value
 at [Source: (PushbackInputStream); line: 7, column: 20] (through reference chain: com.capg.onlineflatrental.entities.Landlord["flatList"]->java.util.ArrayList[0]->com.capg.onlineflatrental.entities.Flat["flatAddress"]->com.capg.onlineflatrental.entities.FlatAddress["houseNo"])]
07-04-2021 10:00:54 - WARN  org.springframework.web.servlet.mvc.support.DefaultHandlerExceptionResolver : Resolved [org.springframework.web.bind.MissingPathVariableException: Missing URI template variable 'adminId' for method parameter of type int]
07-04-2021 10:01:34 - WARN  org.springframework.web.servlet.mvc.support.DefaultHandlerExceptionResolver : Resolved [org.springframework.web.bind.MissingPathVariableException: Missing URI template variable 'adminId' for method parameter of type int]
07-04-2021 10:03:03 - INFO  org.springframework.boot.admin.SpringApplicationAdminMXBeanRegistrar$SpringApplicationAdmin : Application shutdown requested.
07-04-2021 10:03:03 - INFO  org.springframework.scheduling.concurrent.ThreadPoolTaskExecutor : Shutting down ExecutorService 'applicationTaskExecutor'
07-04-2021 10:03:03 - INFO  org.springframework.orm.jpa.LocalContainerEntityManagerFactoryBean : Closing JPA EntityManagerFactory for persistence unit 'default'
07-04-2021 10:03:03 - INFO  com.zaxxer.hikari.HikariDataSource : HikariPool-1 - Shutdown initiated...
07-04-2021 10:03:03 - INFO  com.zaxxer.hikari.HikariDataSource : HikariPool-1 - Shutdown completed.
07-04-2021 10:03:07 - INFO  com.capg.onlineflatrental.OnlineFlatRentalApplication : Starting OnlineFlatRentalApplication on PRANAVs_Swift with PID 1052 (D:\Softwares\S T S\Capg - SpringWorkSpace\online-flat-rental\bin\main started by prana in D:\Softwares\S T S\Capg - SpringWorkSpace\online-flat-rental)
07-04-2021 10:03:07 - INFO  com.capg.onlineflatrental.OnlineFlatRentalApplication : No active profile set, falling back to default profiles: default
07-04-2021 10:03:08 - INFO  org.springframework.data.repository.config.RepositoryConfigurationDelegate : Bootstrapping Spring Data JPA repositories in DEFAULT mode.
07-04-2021 10:03:08 - INFO  org.springframework.data.repository.config.RepositoryConfigurationDelegate : Finished Spring Data repository scanning in 47ms. Found 7 JPA repository interfaces.
07-04-2021 10:03:08 - INFO  org.springframework.boot.web.embedded.tomcat.TomcatWebServer : Tomcat initialized with port(s): 9191 (http)
07-04-2021 10:03:08 - INFO  org.apache.catalina.core.StandardService : Starting service [Tomcat]
07-04-2021 10:03:08 - INFO  org.apache.catalina.core.StandardEngine : Starting Servlet engine: [Apache Tomcat/9.0.43]
07-04-2021 10:03:08 - INFO  org.apache.catalina.core.ContainerBase.[Tomcat].[localhost].[/] : Initializing Spring embedded WebApplicationContext
07-04-2021 10:03:08 - INFO  org.springframework.boot.web.servlet.context.ServletWebServerApplicationContext : Root WebApplicationContext: initialization completed in 995 ms
07-04-2021 10:03:08 - INFO  org.hibernate.jpa.internal.util.LogHelper : HHH000204: Processing PersistenceUnitInfo [name: default]
07-04-2021 10:03:08 - INFO  org.hibernate.Version : HHH000412: Hibernate ORM core version 5.4.28.Final
07-04-2021 10:03:08 - INFO  org.hibernate.annotations.common.Version : HCANN000001: Hibernate Commons Annotations {5.1.2.Final}
07-04-2021 10:03:08 - INFO  com.zaxxer.hikari.HikariDataSource : HikariPool-1 - Starting...
07-04-2021 10:03:09 - INFO  com.zaxxer.hikari.HikariDataSource : HikariPool-1 - Start completed.
07-04-2021 10:03:09 - INFO  org.hibernate.dialect.Dialect : HHH000400: Using dialect: org.hibernate.dialect.PostgreSQL10Dialect
07-04-2021 10:03:09 - INFO  org.hibernate.engine.transaction.jta.platform.internal.JtaPlatformInitiator : HHH000490: Using JtaPlatform implementation: [org.hibernate.engine.transaction.jta.platform.internal.NoJtaPlatform]
07-04-2021 10:03:09 - INFO  org.springframework.orm.jpa.LocalContainerEntityManagerFactoryBean : Initialized JPA EntityManagerFactory for persistence unit 'default'
07-04-2021 10:03:10 - WARN  org.springframework.boot.autoconfigure.orm.jpa.JpaBaseConfiguration$JpaWebConfiguration : spring.jpa.open-in-view is enabled by default. Therefore, database queries may be performed during view rendering. Explicitly configure spring.jpa.open-in-view to disable this warning
07-04-2021 10:03:10 - INFO  springfox.documentation.spring.web.PropertySourcedRequestMappingHandlerMapping : Mapped URL path [/v2/api-docs] onto method [springfox.documentation.swagger2.web.Swagger2Controller#getDocumentation(String, HttpServletRequest)]
07-04-2021 10:03:10 - INFO  org.springframework.scheduling.concurrent.ThreadPoolTaskExecutor : Initializing ExecutorService 'applicationTaskExecutor'
07-04-2021 10:03:10 - INFO  org.springframework.boot.web.embedded.tomcat.TomcatWebServer : Tomcat started on port(s): 9191 (http) with context path ''
07-04-2021 10:03:10 - INFO  springfox.documentation.spring.web.plugins.DocumentationPluginsBootstrapper : Context refreshed
07-04-2021 10:03:10 - INFO  springfox.documentation.spring.web.plugins.DocumentationPluginsBootstrapper : Found 1 custom documentation plugin(s)
07-04-2021 10:03:10 - INFO  springfox.documentation.spring.web.scanners.ApiListingReferenceScanner : Scanning for api listing references
07-04-2021 10:03:10 - INFO  com.capg.onlineflatrental.OnlineFlatRentalApplication : Started OnlineFlatRentalApplication in 3.575 seconds (JVM running for 4.044)
07-04-2021 10:03:17 - INFO  org.apache.catalina.core.ContainerBase.[Tomcat].[localhost].[/] : Initializing Spring DispatcherServlet 'dispatcherServlet'
07-04-2021 10:03:17 - INFO  org.springframework.web.servlet.DispatcherServlet : Initializing Servlet 'dispatcherServlet'
07-04-2021 10:03:17 - INFO  org.springframework.web.servlet.DispatcherServlet : Completed initialization in 5 ms
07-04-2021 10:03:17 - WARN  org.springframework.web.servlet.mvc.support.DefaultHandlerExceptionResolver : Resolved [org.springframework.web.bind.MissingPathVariableException: Missing URI template variable 'adminId' for method parameter of type int]
07-04-2021 10:03:29 - WARN  org.springframework.web.servlet.mvc.support.DefaultHandlerExceptionResolver : Resolved [org.springframework.web.bind.MissingPathVariableException: Missing URI template variable 'adminId' for method parameter of type int]
07-04-2021 10:04:04 - INFO  org.springframework.boot.admin.SpringApplicationAdminMXBeanRegistrar$SpringApplicationAdmin : Application shutdown requested.
07-04-2021 10:04:04 - INFO  org.springframework.scheduling.concurrent.ThreadPoolTaskExecutor : Shutting down ExecutorService 'applicationTaskExecutor'
07-04-2021 10:04:04 - INFO  org.springframework.orm.jpa.LocalContainerEntityManagerFactoryBean : Closing JPA EntityManagerFactory for persistence unit 'default'
07-04-2021 10:04:04 - INFO  com.zaxxer.hikari.HikariDataSource : HikariPool-1 - Shutdown initiated...
07-04-2021 10:04:04 - INFO  com.zaxxer.hikari.HikariDataSource : HikariPool-1 - Shutdown completed.
07-04-2021 10:04:07 - INFO  com.capg.onlineflatrental.OnlineFlatRentalApplication : Starting OnlineFlatRentalApplication on PRANAVs_Swift with PID 15168 (D:\Softwares\S T S\Capg - SpringWorkSpace\online-flat-rental\bin\main started by prana in D:\Softwares\S T S\Capg - SpringWorkSpace\online-flat-rental)
07-04-2021 10:04:07 - INFO  com.capg.onlineflatrental.OnlineFlatRentalApplication : No active profile set, falling back to default profiles: default
07-04-2021 10:04:08 - INFO  org.springframework.data.repository.config.RepositoryConfigurationDelegate : Bootstrapping Spring Data JPA repositories in DEFAULT mode.
07-04-2021 10:04:08 - INFO  org.springframework.data.repository.config.RepositoryConfigurationDelegate : Finished Spring Data repository scanning in 43ms. Found 7 JPA repository interfaces.
07-04-2021 10:04:08 - INFO  org.springframework.boot.web.embedded.tomcat.TomcatWebServer : Tomcat initialized with port(s): 9191 (http)
07-04-2021 10:04:08 - INFO  org.apache.catalina.core.StandardService : Starting service [Tomcat]
07-04-2021 10:04:08 - INFO  org.apache.catalina.core.StandardEngine : Starting Servlet engine: [Apache Tomcat/9.0.43]
07-04-2021 10:04:08 - INFO  org.apache.catalina.core.ContainerBase.[Tomcat].[localhost].[/] : Initializing Spring embedded WebApplicationContext
07-04-2021 10:04:08 - INFO  org.springframework.boot.web.servlet.context.ServletWebServerApplicationContext : Root WebApplicationContext: initialization completed in 968 ms
07-04-2021 10:04:08 - INFO  org.hibernate.jpa.internal.util.LogHelper : HHH000204: Processing PersistenceUnitInfo [name: default]
07-04-2021 10:04:09 - INFO  org.hibernate.Version : HHH000412: Hibernate ORM core version 5.4.28.Final
07-04-2021 10:04:09 - INFO  org.hibernate.annotations.common.Version : HCANN000001: Hibernate Commons Annotations {5.1.2.Final}
07-04-2021 10:04:09 - INFO  com.zaxxer.hikari.HikariDataSource : HikariPool-1 - Starting...
07-04-2021 10:04:09 - INFO  com.zaxxer.hikari.HikariDataSource : HikariPool-1 - Start completed.
07-04-2021 10:04:09 - INFO  org.hibernate.dialect.Dialect : HHH000400: Using dialect: org.hibernate.dialect.PostgreSQL10Dialect
07-04-2021 10:04:09 - INFO  org.hibernate.engine.transaction.jta.platform.internal.JtaPlatformInitiator : HHH000490: Using JtaPlatform implementation: [org.hibernate.engine.transaction.jta.platform.internal.NoJtaPlatform]
07-04-2021 10:04:09 - INFO  org.springframework.orm.jpa.LocalContainerEntityManagerFactoryBean : Initialized JPA EntityManagerFactory for persistence unit 'default'
07-04-2021 10:04:10 - WARN  org.springframework.boot.autoconfigure.orm.jpa.JpaBaseConfiguration$JpaWebConfiguration : spring.jpa.open-in-view is enabled by default. Therefore, database queries may be performed during view rendering. Explicitly configure spring.jpa.open-in-view to disable this warning
07-04-2021 10:04:10 - INFO  springfox.documentation.spring.web.PropertySourcedRequestMappingHandlerMapping : Mapped URL path [/v2/api-docs] onto method [springfox.documentation.swagger2.web.Swagger2Controller#getDocumentation(String, HttpServletRequest)]
07-04-2021 10:04:10 - INFO  org.springframework.scheduling.concurrent.ThreadPoolTaskExecutor : Initializing ExecutorService 'applicationTaskExecutor'
07-04-2021 10:04:10 - INFO  org.springframework.boot.web.embedded.tomcat.TomcatWebServer : Tomcat started on port(s): 9191 (http) with context path ''
07-04-2021 10:04:10 - INFO  springfox.documentation.spring.web.plugins.DocumentationPluginsBootstrapper : Context refreshed
07-04-2021 10:04:10 - INFO  springfox.documentation.spring.web.plugins.DocumentationPluginsBootstrapper : Found 1 custom documentation plugin(s)
07-04-2021 10:04:10 - INFO  springfox.documentation.spring.web.scanners.ApiListingReferenceScanner : Scanning for api listing references
07-04-2021 10:04:10 - INFO  com.capg.onlineflatrental.OnlineFlatRentalApplication : Started OnlineFlatRentalApplication in 3.284 seconds (JVM running for 3.748)
07-04-2021 10:04:15 - INFO  org.apache.catalina.core.ContainerBase.[Tomcat].[localhost].[/] : Initializing Spring DispatcherServlet 'dispatcherServlet'
07-04-2021 10:04:15 - INFO  org.springframework.web.servlet.DispatcherServlet : Initializing Servlet 'dispatcherServlet'
07-04-2021 10:04:15 - INFO  org.springframework.web.servlet.DispatcherServlet : Completed initialization in 5 ms
07-04-2021 10:04:15 - WARN  org.springframework.web.servlet.mvc.support.DefaultHandlerExceptionResolver : Resolved [org.springframework.web.bind.MissingPathVariableException: Missing URI template variable 'adminId' for method parameter of type int]
07-04-2021 10:05:10 - INFO  org.springframework.boot.admin.SpringApplicationAdminMXBeanRegistrar$SpringApplicationAdmin : Application shutdown requested.
07-04-2021 10:05:10 - INFO  org.springframework.scheduling.concurrent.ThreadPoolTaskExecutor : Shutting down ExecutorService 'applicationTaskExecutor'
07-04-2021 10:05:10 - INFO  org.springframework.orm.jpa.LocalContainerEntityManagerFactoryBean : Closing JPA EntityManagerFactory for persistence unit 'default'
07-04-2021 10:05:10 - INFO  com.zaxxer.hikari.HikariDataSource : HikariPool-1 - Shutdown initiated...
07-04-2021 10:05:10 - INFO  com.zaxxer.hikari.HikariDataSource : HikariPool-1 - Shutdown completed.
07-04-2021 10:05:14 - INFO  com.capg.onlineflatrental.OnlineFlatRentalApplication : Starting OnlineFlatRentalApplication on PRANAVs_Swift with PID 15476 (D:\Softwares\S T S\Capg - SpringWorkSpace\online-flat-rental\bin\main started by prana in D:\Softwares\S T S\Capg - SpringWorkSpace\online-flat-rental)
07-04-2021 10:05:14 - INFO  com.capg.onlineflatrental.OnlineFlatRentalApplication : No active profile set, falling back to default profiles: default
07-04-2021 10:05:14 - INFO  org.springframework.data.repository.config.RepositoryConfigurationDelegate : Bootstrapping Spring Data JPA repositories in DEFAULT mode.
07-04-2021 10:05:14 - INFO  org.springframework.data.repository.config.RepositoryConfigurationDelegate : Finished Spring Data repository scanning in 41ms. Found 7 JPA repository interfaces.
07-04-2021 10:05:15 - INFO  org.springframework.boot.web.embedded.tomcat.TomcatWebServer : Tomcat initialized with port(s): 9191 (http)
07-04-2021 10:05:15 - INFO  org.apache.catalina.core.StandardService : Starting service [Tomcat]
07-04-2021 10:05:15 - INFO  org.apache.catalina.core.StandardEngine : Starting Servlet engine: [Apache Tomcat/9.0.43]
07-04-2021 10:05:15 - INFO  org.apache.catalina.core.ContainerBase.[Tomcat].[localhost].[/] : Initializing Spring embedded WebApplicationContext
07-04-2021 10:05:15 - INFO  org.springframework.boot.web.servlet.context.ServletWebServerApplicationContext : Root WebApplicationContext: initialization completed in 903 ms
07-04-2021 10:05:15 - INFO  org.hibernate.jpa.internal.util.LogHelper : HHH000204: Processing PersistenceUnitInfo [name: default]
07-04-2021 10:05:15 - INFO  org.hibernate.Version : HHH000412: Hibernate ORM core version 5.4.28.Final
07-04-2021 10:05:15 - INFO  org.hibernate.annotations.common.Version : HCANN000001: Hibernate Commons Annotations {5.1.2.Final}
07-04-2021 10:05:15 - INFO  com.zaxxer.hikari.HikariDataSource : HikariPool-1 - Starting...
07-04-2021 10:05:15 - INFO  com.zaxxer.hikari.HikariDataSource : HikariPool-1 - Start completed.
07-04-2021 10:05:15 - INFO  org.hibernate.dialect.Dialect : HHH000400: Using dialect: org.hibernate.dialect.PostgreSQL10Dialect
07-04-2021 10:05:16 - INFO  org.hibernate.engine.transaction.jta.platform.internal.JtaPlatformInitiator : HHH000490: Using JtaPlatform implementation: [org.hibernate.engine.transaction.jta.platform.internal.NoJtaPlatform]
07-04-2021 10:05:16 - INFO  org.springframework.orm.jpa.LocalContainerEntityManagerFactoryBean : Initialized JPA EntityManagerFactory for persistence unit 'default'
07-04-2021 10:05:16 - WARN  org.springframework.boot.autoconfigure.orm.jpa.JpaBaseConfiguration$JpaWebConfiguration : spring.jpa.open-in-view is enabled by default. Therefore, database queries may be performed during view rendering. Explicitly configure spring.jpa.open-in-view to disable this warning
07-04-2021 10:05:16 - INFO  springfox.documentation.spring.web.PropertySourcedRequestMappingHandlerMapping : Mapped URL path [/v2/api-docs] onto method [springfox.documentation.swagger2.web.Swagger2Controller#getDocumentation(String, HttpServletRequest)]
07-04-2021 10:05:16 - INFO  org.springframework.scheduling.concurrent.ThreadPoolTaskExecutor : Initializing ExecutorService 'applicationTaskExecutor'
07-04-2021 10:05:16 - INFO  org.springframework.boot.web.embedded.tomcat.TomcatWebServer : Tomcat started on port(s): 9191 (http) with context path ''
07-04-2021 10:05:16 - INFO  springfox.documentation.spring.web.plugins.DocumentationPluginsBootstrapper : Context refreshed
07-04-2021 10:05:16 - INFO  springfox.documentation.spring.web.plugins.DocumentationPluginsBootstrapper : Found 1 custom documentation plugin(s)
07-04-2021 10:05:16 - INFO  springfox.documentation.spring.web.scanners.ApiListingReferenceScanner : Scanning for api listing references
07-04-2021 10:05:17 - INFO  com.capg.onlineflatrental.OnlineFlatRentalApplication : Started OnlineFlatRentalApplication in 3.1 seconds (JVM running for 3.559)
07-04-2021 10:05:21 - INFO  org.apache.catalina.core.ContainerBase.[Tomcat].[localhost].[/] : Initializing Spring DispatcherServlet 'dispatcherServlet'
07-04-2021 10:05:21 - INFO  org.springframework.web.servlet.DispatcherServlet : Initializing Servlet 'dispatcherServlet'
07-04-2021 10:05:21 - INFO  org.springframework.web.servlet.DispatcherServlet : Completed initialization in 3 ms
07-04-2021 10:05:21 - WARN  org.springframework.web.servlet.mvc.support.DefaultHandlerExceptionResolver : Resolved [org.springframework.web.method.annotation.MethodArgumentTypeMismatchException: Failed to convert value of type 'java.lang.String' to required type 'int'; nested exception is java.lang.NumberFormatException: For input string: "{adminid}"]
07-04-2021 10:06:33 - INFO  org.springframework.boot.admin.SpringApplicationAdminMXBeanRegistrar$SpringApplicationAdmin : Application shutdown requested.
07-04-2021 10:06:33 - INFO  org.springframework.scheduling.concurrent.ThreadPoolTaskExecutor : Shutting down ExecutorService 'applicationTaskExecutor'
07-04-2021 10:06:33 - INFO  org.springframework.orm.jpa.LocalContainerEntityManagerFactoryBean : Closing JPA EntityManagerFactory for persistence unit 'default'
07-04-2021 10:06:33 - INFO  com.zaxxer.hikari.HikariDataSource : HikariPool-1 - Shutdown initiated...
07-04-2021 10:06:33 - INFO  com.zaxxer.hikari.HikariDataSource : HikariPool-1 - Shutdown completed.
07-04-2021 10:06:37 - INFO  com.capg.onlineflatrental.OnlineFlatRentalApplication : Starting OnlineFlatRentalApplication on PRANAVs_Swift with PID 1400 (D:\Softwares\S T S\Capg - SpringWorkSpace\online-flat-rental\bin\main started by prana in D:\Softwares\S T S\Capg - SpringWorkSpace\online-flat-rental)
07-04-2021 10:06:37 - INFO  com.capg.onlineflatrental.OnlineFlatRentalApplication : No active profile set, falling back to default profiles: default
07-04-2021 10:06:37 - INFO  org.springframework.data.repository.config.RepositoryConfigurationDelegate : Bootstrapping Spring Data JPA repositories in DEFAULT mode.
07-04-2021 10:06:37 - INFO  org.springframework.data.repository.config.RepositoryConfigurationDelegate : Finished Spring Data repository scanning in 43ms. Found 7 JPA repository interfaces.
07-04-2021 10:06:37 - INFO  org.springframework.boot.web.embedded.tomcat.TomcatWebServer : Tomcat initialized with port(s): 9191 (http)
07-04-2021 10:06:37 - INFO  org.apache.catalina.core.StandardService : Starting service [Tomcat]
07-04-2021 10:06:37 - INFO  org.apache.catalina.core.StandardEngine : Starting Servlet engine: [Apache Tomcat/9.0.43]
07-04-2021 10:06:38 - INFO  org.apache.catalina.core.ContainerBase.[Tomcat].[localhost].[/] : Initializing Spring embedded WebApplicationContext
07-04-2021 10:06:38 - INFO  org.springframework.boot.web.servlet.context.ServletWebServerApplicationContext : Root WebApplicationContext: initialization completed in 954 ms
07-04-2021 10:06:38 - INFO  org.hibernate.jpa.internal.util.LogHelper : HHH000204: Processing PersistenceUnitInfo [name: default]
07-04-2021 10:06:38 - INFO  org.hibernate.Version : HHH000412: Hibernate ORM core version 5.4.28.Final
07-04-2021 10:06:38 - INFO  org.hibernate.annotations.common.Version : HCANN000001: Hibernate Commons Annotations {5.1.2.Final}
07-04-2021 10:06:38 - INFO  com.zaxxer.hikari.HikariDataSource : HikariPool-1 - Starting...
07-04-2021 10:06:38 - INFO  com.zaxxer.hikari.HikariDataSource : HikariPool-1 - Start completed.
07-04-2021 10:06:38 - INFO  org.hibernate.dialect.Dialect : HHH000400: Using dialect: org.hibernate.dialect.PostgreSQL10Dialect
07-04-2021 10:06:39 - INFO  org.hibernate.engine.transaction.jta.platform.internal.JtaPlatformInitiator : HHH000490: Using JtaPlatform implementation: [org.hibernate.engine.transaction.jta.platform.internal.NoJtaPlatform]
07-04-2021 10:06:39 - INFO  org.springframework.orm.jpa.LocalContainerEntityManagerFactoryBean : Initialized JPA EntityManagerFactory for persistence unit 'default'
07-04-2021 10:06:39 - WARN  org.springframework.boot.autoconfigure.orm.jpa.JpaBaseConfiguration$JpaWebConfiguration : spring.jpa.open-in-view is enabled by default. Therefore, database queries may be performed during view rendering. Explicitly configure spring.jpa.open-in-view to disable this warning
07-04-2021 10:06:39 - INFO  springfox.documentation.spring.web.PropertySourcedRequestMappingHandlerMapping : Mapped URL path [/v2/api-docs] onto method [springfox.documentation.swagger2.web.Swagger2Controller#getDocumentation(String, HttpServletRequest)]
07-04-2021 10:06:39 - INFO  org.springframework.scheduling.concurrent.ThreadPoolTaskExecutor : Initializing ExecutorService 'applicationTaskExecutor'
07-04-2021 10:06:39 - INFO  org.springframework.boot.web.embedded.tomcat.TomcatWebServer : Tomcat started on port(s): 9191 (http) with context path ''
07-04-2021 10:06:39 - INFO  springfox.documentation.spring.web.plugins.DocumentationPluginsBootstrapper : Context refreshed
07-04-2021 10:06:39 - INFO  springfox.documentation.spring.web.plugins.DocumentationPluginsBootstrapper : Found 1 custom documentation plugin(s)
07-04-2021 10:06:39 - INFO  springfox.documentation.spring.web.scanners.ApiListingReferenceScanner : Scanning for api listing references
07-04-2021 10:06:40 - INFO  com.capg.onlineflatrental.OnlineFlatRentalApplication : Started OnlineFlatRentalApplication in 3.254 seconds (JVM running for 3.755)
07-04-2021 10:07:21 - INFO  org.apache.catalina.core.ContainerBase.[Tomcat].[localhost].[/] : Initializing Spring DispatcherServlet 'dispatcherServlet'
07-04-2021 10:07:21 - INFO  org.springframework.web.servlet.DispatcherServlet : Initializing Servlet 'dispatcherServlet'
07-04-2021 10:07:21 - INFO  org.springframework.web.servlet.DispatcherServlet : Completed initialization in 3 ms
07-04-2021 10:07:21 - WARN  org.springframework.web.servlet.mvc.support.DefaultHandlerExceptionResolver : Resolved [org.springframework.web.method.annotation.MethodArgumentTypeMismatchException: Failed to convert value of type 'java.lang.String' to required type 'int'; nested exception is java.lang.NumberFormatException: For input string: "{adminid}"]
07-04-2021 10:09:53 - INFO  org.springframework.boot.admin.SpringApplicationAdminMXBeanRegistrar$SpringApplicationAdmin : Application shutdown requested.
07-04-2021 10:09:53 - INFO  org.springframework.scheduling.concurrent.ThreadPoolTaskExecutor : Shutting down ExecutorService 'applicationTaskExecutor'
07-04-2021 10:09:53 - INFO  org.springframework.orm.jpa.LocalContainerEntityManagerFactoryBean : Closing JPA EntityManagerFactory for persistence unit 'default'
07-04-2021 10:09:53 - INFO  com.zaxxer.hikari.HikariDataSource : HikariPool-1 - Shutdown initiated...
07-04-2021 10:09:53 - INFO  com.zaxxer.hikari.HikariDataSource : HikariPool-1 - Shutdown completed.
07-04-2021 10:09:57 - INFO  com.capg.onlineflatrental.OnlineFlatRentalApplication : Starting OnlineFlatRentalApplication on PRANAVs_Swift with PID 13360 (D:\Softwares\S T S\Capg - SpringWorkSpace\online-flat-rental\bin\main started by prana in D:\Softwares\S T S\Capg - SpringWorkSpace\online-flat-rental)
07-04-2021 10:09:57 - INFO  com.capg.onlineflatrental.OnlineFlatRentalApplication : No active profile set, falling back to default profiles: default
07-04-2021 10:09:58 - INFO  org.springframework.data.repository.config.RepositoryConfigurationDelegate : Bootstrapping Spring Data JPA repositories in DEFAULT mode.
07-04-2021 10:09:58 - INFO  org.springframework.data.repository.config.RepositoryConfigurationDelegate : Finished Spring Data repository scanning in 47ms. Found 7 JPA repository interfaces.
07-04-2021 10:09:58 - INFO  org.springframework.boot.web.embedded.tomcat.TomcatWebServer : Tomcat initialized with port(s): 9191 (http)
07-04-2021 10:09:58 - INFO  org.apache.catalina.core.StandardService : Starting service [Tomcat]
07-04-2021 10:09:58 - INFO  org.apache.catalina.core.StandardEngine : Starting Servlet engine: [Apache Tomcat/9.0.43]
07-04-2021 10:09:58 - INFO  org.apache.catalina.core.ContainerBase.[Tomcat].[localhost].[/] : Initializing Spring embedded WebApplicationContext
07-04-2021 10:09:58 - INFO  org.springframework.boot.web.servlet.context.ServletWebServerApplicationContext : Root WebApplicationContext: initialization completed in 952 ms
07-04-2021 10:09:58 - INFO  org.hibernate.jpa.internal.util.LogHelper : HHH000204: Processing PersistenceUnitInfo [name: default]
07-04-2021 10:09:58 - INFO  org.hibernate.Version : HHH000412: Hibernate ORM core version 5.4.28.Final
07-04-2021 10:09:58 - INFO  org.hibernate.annotations.common.Version : HCANN000001: Hibernate Commons Annotations {5.1.2.Final}
07-04-2021 10:09:58 - INFO  com.zaxxer.hikari.HikariDataSource : HikariPool-1 - Starting...
07-04-2021 10:09:58 - INFO  com.zaxxer.hikari.HikariDataSource : HikariPool-1 - Start completed.
07-04-2021 10:09:58 - INFO  org.hibernate.dialect.Dialect : HHH000400: Using dialect: org.hibernate.dialect.PostgreSQL10Dialect
07-04-2021 10:09:59 - INFO  org.hibernate.engine.transaction.jta.platform.internal.JtaPlatformInitiator : HHH000490: Using JtaPlatform implementation: [org.hibernate.engine.transaction.jta.platform.internal.NoJtaPlatform]
07-04-2021 10:09:59 - INFO  org.springframework.orm.jpa.LocalContainerEntityManagerFactoryBean : Initialized JPA EntityManagerFactory for persistence unit 'default'
07-04-2021 10:09:59 - WARN  org.springframework.boot.autoconfigure.orm.jpa.JpaBaseConfiguration$JpaWebConfiguration : spring.jpa.open-in-view is enabled by default. Therefore, database queries may be performed during view rendering. Explicitly configure spring.jpa.open-in-view to disable this warning
07-04-2021 10:10:00 - INFO  springfox.documentation.spring.web.PropertySourcedRequestMappingHandlerMapping : Mapped URL path [/v2/api-docs] onto method [springfox.documentation.swagger2.web.Swagger2Controller#getDocumentation(String, HttpServletRequest)]
07-04-2021 10:10:00 - INFO  org.springframework.scheduling.concurrent.ThreadPoolTaskExecutor : Initializing ExecutorService 'applicationTaskExecutor'
07-04-2021 10:10:00 - INFO  org.springframework.boot.web.embedded.tomcat.TomcatWebServer : Tomcat started on port(s): 9191 (http) with context path ''
07-04-2021 10:10:00 - INFO  springfox.documentation.spring.web.plugins.DocumentationPluginsBootstrapper : Context refreshed
07-04-2021 10:10:00 - INFO  springfox.documentation.spring.web.plugins.DocumentationPluginsBootstrapper : Found 1 custom documentation plugin(s)
07-04-2021 10:10:00 - INFO  springfox.documentation.spring.web.scanners.ApiListingReferenceScanner : Scanning for api listing references
07-04-2021 10:10:00 - INFO  com.capg.onlineflatrental.OnlineFlatRentalApplication : Started OnlineFlatRentalApplication in 3.215 seconds (JVM running for 3.703)
07-04-2021 10:10:14 - INFO  org.apache.catalina.core.ContainerBase.[Tomcat].[localhost].[/] : Initializing Spring DispatcherServlet 'dispatcherServlet'
07-04-2021 10:10:14 - INFO  org.springframework.web.servlet.DispatcherServlet : Initializing Servlet 'dispatcherServlet'
07-04-2021 10:10:14 - INFO  org.springframework.web.servlet.DispatcherServlet : Completed initialization in 5 ms
07-04-2021 10:10:35 - WARN  org.springframework.web.servlet.mvc.support.DefaultHandlerExceptionResolver : Resolved [org.springframework.web.method.annotation.MethodArgumentTypeMismatchException: Failed to convert value of type 'java.lang.String' to required type 'int'; nested exception is java.lang.NumberFormatException: For input string: "{adminid}"]
07-04-2021 10:12:11 - INFO  org.springframework.boot.admin.SpringApplicationAdminMXBeanRegistrar$SpringApplicationAdmin : Application shutdown requested.
07-04-2021 10:12:11 - INFO  org.springframework.scheduling.concurrent.ThreadPoolTaskExecutor : Shutting down ExecutorService 'applicationTaskExecutor'
07-04-2021 10:12:11 - INFO  org.springframework.orm.jpa.LocalContainerEntityManagerFactoryBean : Closing JPA EntityManagerFactory for persistence unit 'default'
07-04-2021 10:12:11 - INFO  com.zaxxer.hikari.HikariDataSource : HikariPool-1 - Shutdown initiated...
07-04-2021 10:12:11 - INFO  com.zaxxer.hikari.HikariDataSource : HikariPool-1 - Shutdown completed.
07-04-2021 10:12:15 - INFO  com.capg.onlineflatrental.OnlineFlatRentalApplication : Starting OnlineFlatRentalApplication on PRANAVs_Swift with PID 14928 (D:\Softwares\S T S\Capg - SpringWorkSpace\online-flat-rental\bin\main started by prana in D:\Softwares\S T S\Capg - SpringWorkSpace\online-flat-rental)
07-04-2021 10:12:15 - INFO  com.capg.onlineflatrental.OnlineFlatRentalApplication : No active profile set, falling back to default profiles: default
07-04-2021 10:12:16 - INFO  org.springframework.data.repository.config.RepositoryConfigurationDelegate : Bootstrapping Spring Data JPA repositories in DEFAULT mode.
07-04-2021 10:12:16 - INFO  org.springframework.data.repository.config.RepositoryConfigurationDelegate : Finished Spring Data repository scanning in 41ms. Found 7 JPA repository interfaces.
07-04-2021 10:12:16 - INFO  org.springframework.boot.web.embedded.tomcat.TomcatWebServer : Tomcat initialized with port(s): 9191 (http)
07-04-2021 10:12:16 - INFO  org.apache.catalina.core.StandardService : Starting service [Tomcat]
07-04-2021 10:12:16 - INFO  org.apache.catalina.core.StandardEngine : Starting Servlet engine: [Apache Tomcat/9.0.43]
07-04-2021 10:12:16 - INFO  org.apache.catalina.core.ContainerBase.[Tomcat].[localhost].[/] : Initializing Spring embedded WebApplicationContext
07-04-2021 10:12:16 - INFO  org.springframework.boot.web.servlet.context.ServletWebServerApplicationContext : Root WebApplicationContext: initialization completed in 888 ms
07-04-2021 10:12:16 - INFO  org.hibernate.jpa.internal.util.LogHelper : HHH000204: Processing PersistenceUnitInfo [name: default]
07-04-2021 10:12:16 - INFO  org.hibernate.Version : HHH000412: Hibernate ORM core version 5.4.28.Final
07-04-2021 10:12:16 - INFO  org.hibernate.annotations.common.Version : HCANN000001: Hibernate Commons Annotations {5.1.2.Final}
07-04-2021 10:12:16 - INFO  com.zaxxer.hikari.HikariDataSource : HikariPool-1 - Starting...
07-04-2021 10:12:16 - INFO  com.zaxxer.hikari.HikariDataSource : HikariPool-1 - Start completed.
07-04-2021 10:12:16 - INFO  org.hibernate.dialect.Dialect : HHH000400: Using dialect: org.hibernate.dialect.PostgreSQL10Dialect
07-04-2021 10:12:17 - INFO  org.hibernate.engine.transaction.jta.platform.internal.JtaPlatformInitiator : HHH000490: Using JtaPlatform implementation: [org.hibernate.engine.transaction.jta.platform.internal.NoJtaPlatform]
07-04-2021 10:12:17 - INFO  org.springframework.orm.jpa.LocalContainerEntityManagerFactoryBean : Initialized JPA EntityManagerFactory for persistence unit 'default'
07-04-2021 10:12:17 - WARN  org.springframework.boot.autoconfigure.orm.jpa.JpaBaseConfiguration$JpaWebConfiguration : spring.jpa.open-in-view is enabled by default. Therefore, database queries may be performed during view rendering. Explicitly configure spring.jpa.open-in-view to disable this warning
07-04-2021 10:12:18 - INFO  springfox.documentation.spring.web.PropertySourcedRequestMappingHandlerMapping : Mapped URL path [/v2/api-docs] onto method [springfox.documentation.swagger2.web.Swagger2Controller#getDocumentation(String, HttpServletRequest)]
07-04-2021 10:12:18 - INFO  org.springframework.scheduling.concurrent.ThreadPoolTaskExecutor : Initializing ExecutorService 'applicationTaskExecutor'
07-04-2021 10:12:18 - INFO  org.springframework.boot.web.embedded.tomcat.TomcatWebServer : Tomcat started on port(s): 9191 (http) with context path ''
07-04-2021 10:12:18 - INFO  springfox.documentation.spring.web.plugins.DocumentationPluginsBootstrapper : Context refreshed
07-04-2021 10:12:18 - INFO  springfox.documentation.spring.web.plugins.DocumentationPluginsBootstrapper : Found 1 custom documentation plugin(s)
07-04-2021 10:12:18 - INFO  springfox.documentation.spring.web.scanners.ApiListingReferenceScanner : Scanning for api listing references
07-04-2021 10:12:18 - INFO  com.capg.onlineflatrental.OnlineFlatRentalApplication : Started OnlineFlatRentalApplication in 3.086 seconds (JVM running for 3.527)
07-04-2021 10:12:24 - INFO  org.apache.catalina.core.ContainerBase.[Tomcat].[localhost].[/] : Initializing Spring DispatcherServlet 'dispatcherServlet'
07-04-2021 10:12:24 - INFO  org.springframework.web.servlet.DispatcherServlet : Initializing Servlet 'dispatcherServlet'
07-04-2021 10:12:24 - INFO  org.springframework.web.servlet.DispatcherServlet : Completed initialization in 4 ms
07-04-2021 10:12:24 - WARN  org.springframework.web.servlet.mvc.support.DefaultHandlerExceptionResolver : Resolved [org.springframework.web.method.annotation.MethodArgumentTypeMismatchException: Failed to convert value of type 'java.lang.String' to required type 'int'; nested exception is java.lang.NumberFormatException: For input string: "{adminid}"]
07-04-2021 10:13:33 - WARN  org.springframework.web.servlet.mvc.support.DefaultHandlerExceptionResolver : Resolved [org.springframework.web.method.annotation.MethodArgumentTypeMismatchException: Failed to convert value of type 'java.lang.String' to required type 'int'; nested exception is java.lang.NumberFormatException: For input string: "{adminid}"]
07-04-2021 10:14:41 - WARN  org.springframework.web.servlet.mvc.support.DefaultHandlerExceptionResolver : Resolved [org.springframework.web.method.annotation.MethodArgumentTypeMismatchException: Failed to convert value of type 'java.lang.String' to required type 'int'; nested exception is java.lang.NumberFormatException: For input string: "{adminid}"]
07-04-2021 10:15:05 - INFO  org.springframework.boot.admin.SpringApplicationAdminMXBeanRegistrar$SpringApplicationAdmin : Application shutdown requested.
07-04-2021 10:15:05 - INFO  org.springframework.scheduling.concurrent.ThreadPoolTaskExecutor : Shutting down ExecutorService 'applicationTaskExecutor'
07-04-2021 10:15:05 - INFO  org.springframework.orm.jpa.LocalContainerEntityManagerFactoryBean : Closing JPA EntityManagerFactory for persistence unit 'default'
07-04-2021 10:15:05 - INFO  com.zaxxer.hikari.HikariDataSource : HikariPool-1 - Shutdown initiated...
07-04-2021 10:15:05 - INFO  com.zaxxer.hikari.HikariDataSource : HikariPool-1 - Shutdown completed.
07-04-2021 10:15:39 - INFO  com.capg.onlineflatrental.OnlineFlatRentalApplication : Starting OnlineFlatRentalApplication on PRANAVs_Swift with PID 6900 (D:\Softwares\S T S\Capg - SpringWorkSpace\online-flat-rental\bin\main started by prana in D:\Softwares\S T S\Capg - SpringWorkSpace\online-flat-rental)
07-04-2021 10:15:39 - INFO  com.capg.onlineflatrental.OnlineFlatRentalApplication : No active profile set, falling back to default profiles: default
07-04-2021 10:15:39 - INFO  org.springframework.data.repository.config.RepositoryConfigurationDelegate : Bootstrapping Spring Data JPA repositories in DEFAULT mode.
07-04-2021 10:15:39 - INFO  org.springframework.data.repository.config.RepositoryConfigurationDelegate : Finished Spring Data repository scanning in 39ms. Found 7 JPA repository interfaces.
07-04-2021 10:15:40 - INFO  org.springframework.boot.web.embedded.tomcat.TomcatWebServer : Tomcat initialized with port(s): 9191 (http)
07-04-2021 10:15:40 - INFO  org.apache.catalina.core.StandardService : Starting service [Tomcat]
07-04-2021 10:15:40 - INFO  org.apache.catalina.core.StandardEngine : Starting Servlet engine: [Apache Tomcat/9.0.43]
07-04-2021 10:15:40 - INFO  org.apache.catalina.core.ContainerBase.[Tomcat].[localhost].[/] : Initializing Spring embedded WebApplicationContext
07-04-2021 10:15:40 - INFO  org.springframework.boot.web.servlet.context.ServletWebServerApplicationContext : Root WebApplicationContext: initialization completed in 909 ms
07-04-2021 10:15:40 - INFO  org.hibernate.jpa.internal.util.LogHelper : HHH000204: Processing PersistenceUnitInfo [name: default]
07-04-2021 10:15:40 - INFO  org.hibernate.Version : HHH000412: Hibernate ORM core version 5.4.28.Final
07-04-2021 10:15:40 - INFO  org.hibernate.annotations.common.Version : HCANN000001: Hibernate Commons Annotations {5.1.2.Final}
07-04-2021 10:15:40 - INFO  com.zaxxer.hikari.HikariDataSource : HikariPool-1 - Starting...
07-04-2021 10:15:40 - INFO  com.zaxxer.hikari.HikariDataSource : HikariPool-1 - Start completed.
07-04-2021 10:15:40 - INFO  org.hibernate.dialect.Dialect : HHH000400: Using dialect: org.hibernate.dialect.PostgreSQL10Dialect
07-04-2021 10:15:41 - INFO  org.hibernate.engine.transaction.jta.platform.internal.JtaPlatformInitiator : HHH000490: Using JtaPlatform implementation: [org.hibernate.engine.transaction.jta.platform.internal.NoJtaPlatform]
07-04-2021 10:15:41 - INFO  org.springframework.orm.jpa.LocalContainerEntityManagerFactoryBean : Initialized JPA EntityManagerFactory for persistence unit 'default'
07-04-2021 10:15:41 - WARN  org.springframework.boot.autoconfigure.orm.jpa.JpaBaseConfiguration$JpaWebConfiguration : spring.jpa.open-in-view is enabled by default. Therefore, database queries may be performed during view rendering. Explicitly configure spring.jpa.open-in-view to disable this warning
07-04-2021 10:15:41 - INFO  springfox.documentation.spring.web.PropertySourcedRequestMappingHandlerMapping : Mapped URL path [/v2/api-docs] onto method [springfox.documentation.swagger2.web.Swagger2Controller#getDocumentation(String, HttpServletRequest)]
07-04-2021 10:15:42 - INFO  org.springframework.scheduling.concurrent.ThreadPoolTaskExecutor : Initializing ExecutorService 'applicationTaskExecutor'
07-04-2021 10:15:42 - INFO  org.springframework.boot.web.embedded.tomcat.TomcatWebServer : Tomcat started on port(s): 9191 (http) with context path ''
07-04-2021 10:15:42 - INFO  springfox.documentation.spring.web.plugins.DocumentationPluginsBootstrapper : Context refreshed
07-04-2021 10:15:42 - INFO  springfox.documentation.spring.web.plugins.DocumentationPluginsBootstrapper : Found 1 custom documentation plugin(s)
07-04-2021 10:15:42 - INFO  springfox.documentation.spring.web.scanners.ApiListingReferenceScanner : Scanning for api listing references
07-04-2021 10:15:42 - INFO  com.capg.onlineflatrental.OnlineFlatRentalApplication : Started OnlineFlatRentalApplication in 3.163 seconds (JVM running for 3.762)
07-04-2021 10:15:49 - INFO  org.apache.catalina.core.ContainerBase.[Tomcat].[localhost].[/] : Initializing Spring DispatcherServlet 'dispatcherServlet'
07-04-2021 10:15:49 - INFO  org.springframework.web.servlet.DispatcherServlet : Initializing Servlet 'dispatcherServlet'
07-04-2021 10:15:49 - INFO  org.springframework.web.servlet.DispatcherServlet : Completed initialization in 5 ms
07-04-2021 10:20:13 - WARN  org.springframework.web.servlet.mvc.support.DefaultHandlerExceptionResolver : Resolved [org.springframework.http.converter.HttpMessageNotReadableException: JSON parse error: Cannot deserialize value of type `java.time.LocalDate` from String "20222-05-08": Failed to deserialize java.time.LocalDate: (java.time.format.DateTimeParseException) Text '20222-05-08' could not be parsed at index 0; nested exception is com.fasterxml.jackson.databind.exc.InvalidFormatException: Cannot deserialize value of type `java.time.LocalDate` from String "20222-05-08": Failed to deserialize java.time.LocalDate: (java.time.format.DateTimeParseException) Text '20222-05-08' could not be parsed at index 0
 at [Source: (PushbackInputStream); line: 3, column: 20] (through reference chain: com.capg.onlineflatrental.entities.FlatBooking["bookingToDate"])]
07-04-2021 10:21:19 - WARN  org.springframework.web.servlet.mvc.support.DefaultHandlerExceptionResolver : Resolved [org.springframework.http.converter.HttpMessageNotReadableException: JSON parse error: Cannot deserialize value of type `java.time.LocalDate` from String "2021-04-07abc": Failed to deserialize java.time.LocalDate: (java.time.format.DateTimeParseException) Text '2021-04-07abc' could not be parsed, unparsed text found at index 10; nested exception is com.fasterxml.jackson.databind.exc.InvalidFormatException: Cannot deserialize value of type `java.time.LocalDate` from String "2021-04-07abc": Failed to deserialize java.time.LocalDate: (java.time.format.DateTimeParseException) Text '2021-04-07abc' could not be parsed, unparsed text found at index 10
 at [Source: (PushbackInputStream); line: 2, column: 22] (through reference chain: com.capg.onlineflatrental.entities.FlatBooking["bookingFromDate"])]
07-04-2021 10:23:21 - WARN  org.springframework.web.servlet.mvc.support.DefaultHandlerExceptionResolver : Resolved [org.springframework.http.converter.HttpMessageNotReadableException: JSON parse error: Cannot deserialize value of type `java.time.LocalDate` from String "string": Failed to deserialize java.time.LocalDate: (java.time.format.DateTimeParseException) Text 'string' could not be parsed at index 0; nested exception is com.fasterxml.jackson.databind.exc.InvalidFormatException: Cannot deserialize value of type `java.time.LocalDate` from String "string": Failed to deserialize java.time.LocalDate: (java.time.format.DateTimeParseException) Text 'string' could not be parsed at index 0
 at [Source: (PushbackInputStream); line: 2, column: 22] (through reference chain: com.capg.onlineflatrental.entities.FlatBooking["bookingFromDate"])]
07-04-2021 10:27:04 - INFO  org.springframework.boot.admin.SpringApplicationAdminMXBeanRegistrar$SpringApplicationAdmin : Application shutdown requested.
07-04-2021 10:27:04 - INFO  org.springframework.scheduling.concurrent.ThreadPoolTaskExecutor : Shutting down ExecutorService 'applicationTaskExecutor'
07-04-2021 10:27:04 - INFO  org.springframework.orm.jpa.LocalContainerEntityManagerFactoryBean : Closing JPA EntityManagerFactory for persistence unit 'default'
07-04-2021 10:27:04 - INFO  com.zaxxer.hikari.HikariDataSource : HikariPool-1 - Shutdown initiated...
07-04-2021 10:27:04 - INFO  com.zaxxer.hikari.HikariDataSource : HikariPool-1 - Shutdown completed.
